# JRE version: OpenJDK Runtime Environment (17.0.10) (build 17.0.10+0--11609105)
# Java VM: OpenJDK 64-Bit Server VM (17.0.10+0--11609105, mixed mode, tiered, compressed oops, compressed class ptrs, g1 gc, windows-amd64)
GC Precious Log:
 CPUs: 8 total, 8 available
 Memory: 12022M
 Large Page Support: Disabled
 NUMA Support: Disabled
 Compressed Oops: Enabled (32-bit)
 Heap Region Size: 1M
 Heap Min Capacity: 8M
 Heap Initial Capacity: 188M
 Heap Max Capacity: 2G
 Pre-touch: Disabled
 Parallel Workers: 8
 Concurrent Workers: 2
 Concurrent Refinement Workers: 8
 Periodic GC: Disabled
Heap:
 garbage-first heap   total 346112K, used 138962K [0x0000000080000000, 0x0000000100000000)
  region size 1024K, 23 young (23552K), 8 survivors (8192K)
 Metaspace       used 135718K, committed 136576K, reserved 1179648K
  class space    used 18598K, committed 19008K, reserved 1048576K
GC Heap History (20 events):
Event: 16.430 GC heap before
{Heap before GC invocations=26 (full 0):
 garbage-first heap   total 191488K, used 118467K [0x0000000080000000, 0x0000000100000000)
  region size 1024K, 31 young (31744K), 6 survivors (6144K)
 Metaspace       used 99841K, committed 100480K, reserved 1179648K
  class space    used 13703K, committed 14016K, reserved 1048576K
}
Event: 16.439 GC heap after
{Heap after GC invocations=27 (full 0):
 garbage-first heap   total 191488K, used 100090K [0x0000000080000000, 0x0000000100000000)
  region size 1024K, 6 young (6144K), 6 survivors (6144K)
 Metaspace       used 99841K, committed 100480K, reserved 1179648K
  class space    used 13703K, committed 14016K, reserved 1048576K
}
Event: 17.517 GC heap before
{Heap before GC invocations=28 (full 0):
 garbage-first heap   total 191488K, used 154362K [0x0000000080000000, 0x0000000100000000)
  region size 1024K, 58 young (59392K), 6 survivors (6144K)
 Metaspace       used 106893K, committed 107584K, reserved 1179648K
  class space    used 14595K, committed 14976K, reserved 1048576K
}
Event: 17.526 GC heap after
{Heap after GC invocations=29 (full 0):
 garbage-first heap   total 191488K, used 108439K [0x0000000080000000, 0x0000000100000000)
  region size 1024K, 7 young (7168K), 7 survivors (7168K)
 Metaspace       used 106893K, committed 107584K, reserved 1179648K
  class space    used 14595K, committed 14976K, reserved 1048576K
}
Event: 17.606 GC heap before
{Heap before GC invocations=29 (full 0):
 garbage-first heap   total 191488K, used 109463K [0x0000000080000000, 0x0000000100000000)
  region size 1024K, 9 young (9216K), 7 survivors (7168K)
 Metaspace       used 106900K, committed 107712K, reserved 1179648K
  class space    used 14595K, committed 14976K, reserved 1048576K
}
Event: 17.609 GC heap after
{Heap after GC invocations=30 (full 0):
 garbage-first heap   total 191488K, used 108000K [0x0000000080000000, 0x0000000100000000)
  region size 1024K, 2 young (2048K), 2 survivors (2048K)
 Metaspace       used 106900K, committed 107712K, reserved 1179648K
  class space    used 14595K, committed 14976K, reserved 1048576K
}
Event: 18.446 GC heap before
{Heap before GC invocations=30 (full 0):
 garbage-first heap   total 191488K, used 153056K [0x0000000080000000, 0x0000000100000000)
  region size 1024K, 46 young (47104K), 2 survivors (2048K)
 Metaspace       used 109442K, committed 110272K, reserved 1179648K
  class space    used 14887K, committed 15296K, reserved 1048576K
}
Event: 18.453 GC heap after
{Heap after GC invocations=31 (full 0):
 garbage-first heap   total 191488K, used 115895K [0x0000000080000000, 0x0000000100000000)
  region size 1024K, 6 young (6144K), 6 survivors (6144K)
 Metaspace       used 109442K, committed 110272K, reserved 1179648K
  class space    used 14887K, committed 15296K, reserved 1048576K
}
Event: 19.015 GC heap before
{Heap before GC invocations=32 (full 0):
 garbage-first heap   total 199680K, used 152759K [0x0000000080000000, 0x0000000100000000)
  region size 1024K, 42 young (43008K), 6 survivors (6144K)
 Metaspace       used 110272K, committed 111040K, reserved 1179648K
  class space    used 14989K, committed 15360K, reserved 1048576K
}
Event: 19.025 GC heap after
{Heap after GC invocations=33 (full 0):
 garbage-first heap   total 199680K, used 120285K [0x0000000080000000, 0x0000000100000000)
  region size 1024K, 5 young (5120K), 5 survivors (5120K)
 Metaspace       used 110272K, committed 111040K, reserved 1179648K
  class space    used 14989K, committed 15360K, reserved 1048576K
}
Event: 19.056 GC heap before
{Heap before GC invocations=33 (full 0):
 garbage-first heap   total 199680K, used 124381K [0x0000000080000000, 0x0000000100000000)
  region size 1024K, 9 young (9216K), 5 survivors (5120K)
 Metaspace       used 110273K, committed 111040K, reserved 1179648K
  class space    used 14989K, committed 15360K, reserved 1048576K
}
Event: 19.064 GC heap after
{Heap after GC invocations=34 (full 0):
 garbage-first heap   total 199680K, used 119773K [0x0000000080000000, 0x0000000100000000)
  region size 1024K, 2 young (2048K), 2 survivors (2048K)
 Metaspace       used 110273K, committed 111040K, reserved 1179648K
  class space    used 14989K, committed 15360K, reserved 1048576K
}
Event: 19.384 GC heap before
{Heap before GC invocations=34 (full 0):
 garbage-first heap   total 199680K, used 159709K [0x0000000080000000, 0x0000000100000000)
  region size 1024K, 42 young (43008K), 2 survivors (2048K)
 Metaspace       used 110284K, committed 111040K, reserved 1179648K
  class space    used 14990K, committed 15360K, reserved 1048576K
}
Event: 19.466 GC heap after
{Heap after GC invocations=35 (full 0):
 garbage-first heap   total 346112K, used 121863K [0x0000000080000000, 0x0000000100000000)
  region size 1024K, 4 young (4096K), 4 survivors (4096K)
 Metaspace       used 110284K, committed 111040K, reserved 1179648K
  class space    used 14990K, committed 15360K, reserved 1048576K
}
Event: 21.576 GC heap before
{Heap before GC invocations=36 (full 0):
 garbage-first heap   total 346112K, used 263175K [0x0000000080000000, 0x0000000100000000)
  region size 1024K, 143 young (146432K), 4 survivors (4096K)
 Metaspace       used 122564K, committed 123328K, reserved 1179648K
  class space    used 16900K, committed 17280K, reserved 1048576K
}
Event: 21.586 GC heap after
{Heap after GC invocations=37 (full 0):
 garbage-first heap   total 346112K, used 125903K [0x0000000080000000, 0x0000000100000000)
  region size 1024K, 8 young (8192K), 8 survivors (8192K)
 Metaspace       used 122564K, committed 123328K, reserved 1179648K
  class space    used 16900K, committed 17280K, reserved 1048576K
}
Event: 21.667 GC heap before
{Heap before GC invocations=37 (full 0):
 garbage-first heap   total 346112K, used 133071K [0x0000000080000000, 0x0000000100000000)
  region size 1024K, 16 young (16384K), 8 survivors (8192K)
 Metaspace       used 123514K, committed 124288K, reserved 1179648K
  class space    used 17074K, committed 17472K, reserved 1048576K
}
Event: 21.673 GC heap after
{Heap after GC invocations=38 (full 0):
 garbage-first heap   total 346112K, used 117485K [0x0000000080000000, 0x0000000100000000)
  region size 1024K, 1 young (1024K), 1 survivors (1024K)
 Metaspace       used 123514K, committed 124288K, reserved 1179648K
  class space    used 17074K, committed 17472K, reserved 1048576K
}
Event: 43.296 GC heap before
{Heap before GC invocations=38 (full 0):
 garbage-first heap   total 346112K, used 283373K [0x0000000080000000, 0x0000000100000000)
  region size 1024K, 150 young (153600K), 1 survivors (1024K)
 Metaspace       used 135642K, committed 136512K, reserved 1179648K
  class space    used 18591K, committed 19008K, reserved 1048576K
}
Event: 43.303 GC heap after
{Heap after GC invocations=39 (full 0):
 garbage-first heap   total 346112K, used 124626K [0x0000000080000000, 0x0000000100000000)
  region size 1024K, 8 young (8192K), 8 survivors (8192K)
 Metaspace       used 135642K, committed 136512K, reserved 1179648K
  class space    used 18591K, committed 19008K, reserved 1048576K
}

